<?xml version="1.0" encoding="UTF-8"?>
<!-- Generated by org.testng.reporters.JUnitXMLReporter -->
<testsuite ignored="1" hostname="DESKTOP-KPO1S17" failures="1" tests="8" name="Surefire test" time="0.123" errors="0" timestamp="2025-03-25T16:08:24 IST">
  <testcase classname="Sample.TestNgHardAssertionPractice2" name="containsLevelComparision" time="0.022">
    <failure type="java.lang.AssertionError" message="expected [true] but found [false]">
      <![CDATA[java.lang.AssertionError: expected [true] but found [false]
at Sample.TestNgHardAssertionPractice2.containsLevelComparision(TestNgHardAssertionPractice2.java:21)
at java.base/java.util.ArrayList.forEach(ArrayList.java:1511)
... Removed 36 stack frames]]>
    </failure>
  </testcase> <!-- containsLevelComparision -->
  <testcase classname="Sample.TestNgHardAssertionPractice2" name="strictLevelComaprision" time="0.0"/>
  <testcase classname="Sample.TestNGPractice" name="createUser" time="0.0"/>
  <testcase classname="Sample.TestNGPractice" name="createUser" time="0.001"/>
  <testcase classname="Sample.TestNGPractice" name="createUser" time="0.0"/>
  <testcase classname="Sample.TestNGPractice" name="modifyUser" time="0.002"/>
  <testcase classname="Sample.TestNgSoftAssertionPractice" name="COntainsLEvelCOmaprision" time="0.009"/>
  <testcase classname="Sample.TestNgSoftAssertionPractice" name="strictLevelComparision" time="0.002"/>
  <testcase classname="Sample.TestNGPractice" name="deleteUser" time="0.0">
    <ignored/>
  </testcase> <!-- deleteUser -->
</testsuite> <!-- Surefire test -->
