<?xml version="1.0" encoding="UTF-8"?>
<!-- Generated by org.testng.reporters.JUnitReportReporter -->
<testsuite hostname="DESKTOP-KPO1S17" failures="0" tests="3" name="Sample.Testng1" time="0.025" errors="0" timestamp="2025-03-13T16:09:01 IST" skipped="0">
  <testcase classname="Sample.Testng1" name="CreateUser" time="0.019"/>
  <testcase classname="Sample.Testng1" name="UserModified" time="0.003"/>
  <testcase classname="Sample.Testng1" name="UserDeleted" time="0.003"/>
</testsuite> <!-- Sample.Testng1 -->
