<?xml version="1.0" encoding="UTF-8"?>
<!-- Generated by org.testng.reporters.JUnitReportReporter -->
<testsuite hostname="DESKTOP-KPO1S17" failures="0" tests="2" name="Sample.TestNgSoftAssertionPractice" time="0.030" errors="0" timestamp="2025-03-29T10:51:45 IST" skipped="0">
  <testcase classname="Sample.TestNgSoftAssertionPractice" name="COntainsLEvelCOmaprision" time="0.027"/>
  <testcase classname="Sample.TestNgSoftAssertionPractice" name="strictLevelComparision" time="0.003"/>
</testsuite> <!-- Sample.TestNgSoftAssertionPractice -->
