<?xml version="1.0" encoding="UTF-8"?>
<!-- Generated by org.testng.reporters.JUnitReportReporter -->
<testsuite hostname="DESKTOP-KPO1S17" failures="0" tests="5" name="Sample.TestNGPractice" time="0.003" errors="0" timestamp="2025-03-25T16:08:24 IST" skipped="1">
  <testcase classname="Sample.TestNGPractice" name="createUser" time="0.001"/>
  <testcase classname="Sample.TestNGPractice" name="createUser" time="0.000"/>
  <testcase classname="Sample.TestNGPractice" name="createUser" time="0.000"/>
  <testcase classname="Sample.TestNGPractice" name="modifyUser" time="0.002"/>
  <testcase classname="Sample.TestNGPractice" name="deleteUser">
    <skipped/>
  </testcase> <!-- deleteUser -->
</testsuite> <!-- Sample.TestNGPractice -->
