<?xml version="1.0" encoding="UTF-8"?>
<!-- Generated by org.testng.reporters.JUnitReportReporter -->
<testsuite hostname="DESKTOP-KPO1S17" failures="0" tests="2" name="Sample.TestNgSoftAssertionPractice" time="0.011" errors="0" timestamp="2025-03-25T16:08:24 IST" skipped="0">
  <testcase classname="Sample.TestNgSoftAssertionPractice" name="COntainsLEvelCOmaprision" time="0.009"/>
  <testcase classname="Sample.TestNgSoftAssertionPractice" name="strictLevelComparision" time="0.002"/>
</testsuite> <!-- Sample.TestNgSoftAssertionPractice -->
